[www.crystalwhite.nl/favicon.ico]
[backblue.gif]
[fade.gif]
[index.html]
[www.crystalwhite.nl/images/logo_crystal_transparant_zijwaards.png]
[www.crystalwhite.nl/images/balie2.png]
[www.crystalwhite.nl/images/B.jpg]
[www.crystalwhite.nl/images/ragers.png]
[www.crystalwhite.nl/images/nazorg.png]
[www.crystalwhite.nl/images/Christel profiel.jpg]
[www.crystalwhite.nl/images/praktijk TGPC.png]
[www.crystalwhite.nl/images/map2.png]
[www.crystalwhite.nl/images/ECKG klachten.png]
[www.crystalwhite.nl/images/NVM.png]
[code.jquery.com/jquery-3.2.1.slim.min.js]
[www.crystalwhite.nl/bootstrap/js/bootstrap.min.js]
[www.crystalwhite.nl/index.html]
[www.crystalwhite.nl/bootstrap/css/bootstrap.min.css]
[www.crystalwhite.nl/bootstrap/css/carousel.css]
[www.crystalwhite.nl/assets/js/vendor/jquery-slim.min.html]
[www.crystalwhite.nl/assets/js/vendor/popper.min.html]
